<?xml version="1.0" encoding="utf-8"?><testsuites name="pytest tests"><testsuite name="pytest" errors="0" failures="0" skipped="0" tests="8" time="21.508" timestamp="2026-05-17T14:10:05.072755+00:00" hostname="agent-env-085f375e-6dd7-4958-a84b-335b629facc5"><testcase classname="backend.tests.test_gdpr_hardening.TestAdminLoginRateLimit" name="test_rate_limit_returns_429_after_5_failures" time="6.760" /><testcase classname="backend.tests.test_gdpr_hardening.TestAdminLoginRateLimit" name="test_successful_login_does_not_get_blocked_after_cleanup" time="2.731" /><testcase classname="backend.tests.test_gdpr_hardening.TestVendorLoginRateLimit" name="test_vendor_login_rate_limit" time="5.161" /><testcase classname="backend.tests.test_gdpr_hardening.TestPrivacyInfoEndpoint" name="test_privacy_info_public_no_auth" time="0.327" /><testcase classname="backend.tests.test_gdpr_hardening.TestPrivacyInfoEndpoint" name="test_privacy_info_404_for_unknown_vendor" time="0.246" /><testcase classname="backend.tests.test_gdpr_hardening.TestOrganizationGDPRFields" name="test_put_org_with_gdpr_fields_persists" time="4.002" /><testcase classname="backend.tests.test_gdpr_hardening.TestVendorPublicResponse" name="test_vendor_public_returns_cookie_banner_always_enabled" time="0.567" /><testcase classname="backend.tests.test_gdpr_hardening.TestAnalyticsPdfExport" name="test_pdf_export_returns_200_for_superadmin" time="1.461" /></testsuite></testsuites>