<?xml version="1.0" encoding="utf-8"?><testsuites name="pytest tests"><testsuite name="pytest" errors="0" failures="2" skipped="0" tests="14" time="3.743" timestamp="2026-05-17T14:57:51.738566+00:00" hostname="agent-env-085f375e-6dd7-4958-a84b-335b629facc5"><testcase classname="backend.tests.test_gdpr_sprint4.TestSecurityHeaders" name="test_security_headers_present[/api/auth/me]" time="0.280" /><testcase classname="backend.tests.test_gdpr_sprint4.TestSecurityHeaders" name="test_security_headers_present[/api/vendors]" time="0.138" /><testcase classname="backend.tests.test_gdpr_sprint4.TestSecurityHeaders" name="test_security_headers_present[/api/organizations]" time="0.150" /><testcase classname="backend.tests.test_gdpr_sprint4.TestAnalyticsRetention" name="test_analytics_endpoint_still_works" time="0.798"><failure message="AssertionError: {&quot;detail&quot;:&quot;Method Not Allowed&quot;}&#10;assert 405 in (200, 403, 404)&#10; +  where 405 = &lt;Response [405]&gt;.status_code">backend/tests/test_gdpr_sprint4.py:64: in test_analytics_endpoint_still_works
    assert r.status_code in (200, 403, 404), r.text
E   AssertionError: {"detail":"Method Not Allowed"}
E   assert 405 in (200, 403, 404)
E    +  where 405 = &lt;Response [405]&gt;.status_code</failure></testcase><testcase classname="backend.tests.test_gdpr_sprint4.TestAnalyticsRetention" name="test_startup_log_retention_codepath" time="0.001" /><testcase classname="backend.tests.test_gdpr_sprint4.TestJwtSecretWarning" name="test_warning_in_backend_log" time="0.000" /><testcase classname="backend.tests.test_gdpr_sprint4.TestEmailRedactionLogs" name="test_redact_helper_format" time="0.001" /><testcase classname="backend.tests.test_gdpr_sprint4.TestEmailRedactionLogs" name="test_no_plain_seed_email_in_recent_logs" time="0.001" /><testcase classname="backend.tests.test_gdpr_sprint4.TestCloudinaryTenantFolder" name="test_superadmin_upload_lands_in_platform" time="0.429"><failure message="AssertionError: Expected platform/ prefix, got: &#10;assert False&#10; +  where False = &lt;built-in method startswith of str object at 0xfcf6e3f10be8&gt;('platform/')&#10; +    where &lt;built-in method startswith of str object at 0xfcf6e3f10be8&gt; = ''.startswith">backend/tests/test_gdpr_sprint4.py:135: in test_superadmin_upload_lands_in_platform
    assert folder.startswith('platform/'), f'Expected platform/ prefix, got: {folder}'
E   AssertionError: Expected platform/ prefix, got: 
E   assert False
E    +  where False = &lt;built-in method startswith of str object at 0xfcf6e3f10be8&gt;('platform/')
E    +    where &lt;built-in method startswith of str object at 0xfcf6e3f10be8&gt; = ''.startswith</failure></testcase><testcase classname="backend.tests.test_gdpr_sprint4.TestPrivacyInfoTrustBadge" name="test_demo_vendor_incomplete" time="0.365" /><testcase classname="backend.tests.test_gdpr_sprint4.TestOrgListGdprEnrichment" name="test_org_list_has_gdpr_object" time="0.699" /><testcase classname="backend.tests.test_gdpr_sprint4.TestOrgDpaStatusDetail" name="test_dpa_status_unauthorized" time="0.145" /><testcase classname="backend.tests.test_gdpr_sprint4.TestOrgDpaStatusDetail" name="test_dpa_status_super_admin" time="0.361" /><testcase classname="backend.tests.test_gdpr_sprint4.TestOrgDpaStatusDetail" name="test_dpa_status_unknown_org" time="0.257" /></testsuite></testsuites>