<?xml version="1.0" encoding="utf-8"?><testsuites name="pytest tests"><testsuite name="pytest" errors="0" failures="0" skipped="0" tests="15" time="27.380" timestamp="2026-05-17T14:32:48.245023+00:00" hostname="agent-env-085f375e-6dd7-4958-a84b-335b629facc5"><testcase classname="backend.tests.test_gdpr_sprint3.TestDpaStatus" name="test_super_admin_dpa_status" time="3.324" /><testcase classname="backend.tests.test_gdpr_sprint3.TestDpaStatus" name="test_org_admin_dpa_status_initial" time="3.144" /><testcase classname="backend.tests.test_gdpr_sprint3.TestDpaStatus" name="test_dpa_status_requires_auth" time="0.126" /><testcase classname="backend.tests.test_gdpr_sprint3.TestAcceptDpa" name="test_super_admin_cannot_accept" time="0.156" /><testcase classname="backend.tests.test_gdpr_sprint3.TestAcceptDpa" name="test_org_admin_accept_and_status" time="2.951" /><testcase classname="backend.tests.test_gdpr_sprint3.TestDataExport" name="test_super_admin_export" time="0.362" /><testcase classname="backend.tests.test_gdpr_sprint3.TestDataExport" name="test_org_admin_export_has_org_summary" time="3.442" /><testcase classname="backend.tests.test_gdpr_sprint3.TestRevokeAllSessions" name="test_old_cookie_invalidated_new_cookie_works" time="3.227" /><testcase classname="backend.tests.test_gdpr_sprint3.TestDeleteMe" name="test_super_admin_cannot_delete_self" time="0.158" /><testcase classname="backend.tests.test_gdpr_sprint3.TestDeleteMe" name="test_org_admin_can_delete_self" time="2.926" /><testcase classname="backend.tests.test_gdpr_sprint3.TestVendorEndpointsSmoke" name="test_vendor_data_export_requires_auth" time="0.149" /><testcase classname="backend.tests.test_gdpr_sprint3.TestVendorEndpointsSmoke" name="test_vendor_revoke_requires_auth" time="0.117" /><testcase classname="backend.tests.test_gdpr_sprint3.TestVendorEndpointsSmoke" name="test_vendor_delete_requires_auth" time="0.106" /><testcase classname="backend.tests.test_gdpr_sprint3.TestTokenBackwardCompat" name="test_token_without_tv_claim_works" time="2.939" /><testcase classname="backend.tests.test_gdpr_sprint3.TestTokenBackwardCompat" name="test_normal_login_still_works" time="4.075" /></testsuite></testsuites>