<?xml version="1.0" encoding="utf-8"?><testsuites name="pytest tests"><testsuite name="pytest" errors="0" failures="0" skipped="0" tests="15" time="17.875" timestamp="2026-06-19T11:32:44.292643+00:00" hostname="agent-env-085f375e-6dd7-4958-a84b-335b629facc5"><testcase classname="backend.tests.test_analytics_periods.TestDailyCounterIeri" name="test_yesterday_returns_24_hourly_buckets" time="2.688" /><testcase classname="backend.tests.test_analytics_periods.TestDailyCounterIeri" name="test_today_returns_24_hourly_buckets" time="0.576" /><testcase classname="backend.tests.test_analytics_periods.TestDailyCounterIeri" name="test_7d_no_hourly_series" time="0.514" /><testcase classname="backend.tests.test_analytics_periods.TestDetailedAnalyticsToday" name="test_period_today" time="0.258" /><testcase classname="backend.tests.test_analytics_periods.TestDetailedAnalyticsToday" name="test_period_yesterday" time="0.471" /><testcase classname="backend.tests.test_analytics_periods.TestDetailedAnalyticsToday" name="test_period_7d_has_9_channels" time="0.593" /><testcase classname="backend.tests.test_analytics_periods.TestDetailedAnalyticsToday" name="test_period_30d" time="0.498" /><testcase classname="backend.tests.test_analytics_periods.TestDetailedAnalyticsToday" name="test_period_month" time="0.400" /><testcase classname="backend.tests.test_analytics_periods.TestVendorStatsPeriods" name="test_periods[today]" time="3.314" /><testcase classname="backend.tests.test_analytics_periods.TestVendorStatsPeriods" name="test_periods[yesterday]" time="1.326" /><testcase classname="backend.tests.test_analytics_periods.TestVendorStatsPeriods" name="test_periods[7d]" time="1.336" /><testcase classname="backend.tests.test_analytics_periods.TestVendorStatsPeriods" name="test_periods[month]" time="1.335" /><testcase classname="backend.tests.test_analytics_periods.TestVendorStatsPeriods" name="test_periods[all]" time="1.327" /><testcase classname="backend.tests.test_analytics_periods.TestVendorStatsPeriods" name="test_no_period_defaults_ok" time="1.331" /><testcase classname="backend.tests.test_analytics_periods.TestNewEventTypeWhitelist" name="test_appointment_and_pwa_install_tracked" time="1.826" /></testsuite></testsuites>