<?xml version="1.0" encoding="utf-8"?><testsuites name="pytest tests"><testsuite name="pytest" errors="0" failures="0" skipped="0" tests="10" time="23.202" timestamp="2026-06-26T07:35:43.733904+00:00" hostname="agent-env-085f375e-6dd7-4958-a84b-335b629facc5"><testcase classname="backend.tests.test_store_landings.TestStoreLandingVariantsCRUD" name="test_list_empty" time="2.454" /><testcase classname="backend.tests.test_store_landings.TestStoreLandingVariantsCRUD" name="test_create_and_list" time="2.466" /><testcase classname="backend.tests.test_store_landings.TestStoreLandingVariantsCRUD" name="test_update_variant_changes_slug" time="2.666" /><testcase classname="backend.tests.test_store_landings.TestStoreLandingVariantsCRUD" name="test_delete_variant" time="2.766" /><testcase classname="backend.tests.test_store_landings.TestStoreLandingVariantsCRUD" name="test_slug_unique_across_collections" time="2.099" /><testcase classname="backend.tests.test_store_landings.TestStoreLandingVariantsCRUD" name="test_unauth_blocked" time="1.314" /><testcase classname="backend.tests.test_store_landings.TestStoreLandingVariantsPublicLookup" name="test_variant_slug_resolves_with_overrides" time="2.639" /><testcase classname="backend.tests.test_store_landings.TestStoreLandingVariantsPublicLookup" name="test_cascade_store_landing_disabled" time="2.484" /><testcase classname="backend.tests.test_store_landings.TestStoreLandingVariantsPublicLookup" name="test_variant_disabled_blocks_public_lookup" time="2.348" /><testcase classname="backend.tests.test_store_landings.TestStoreLandingVariantsPublicLookup" name="test_primary_slug_not_regressed" time="1.828" /></testsuite></testsuites>