<?xml version="1.0" encoding="utf-8"?><testsuites name="pytest tests"><testsuite name="pytest" errors="0" failures="0" skipped="0" tests="17" time="23.812" timestamp="2026-06-30T15:58:46.626793+00:00" hostname="agent-env-085f375e-6dd7-4958-a84b-335b629facc5"><testcase classname="backend.tests.test_push_analytics_period.TestAuthGate" name="test_anon_blocked" time="0.208" /><testcase classname="backend.tests.test_push_analytics_period.TestAuthGate" name="test_anon_blocked_with_period" time="0.048" /><testcase classname="backend.tests.test_push_analytics_period.TestPeriodEchoAndSchema" name="test_each_period_returns_200_and_echoes[today]" time="1.452" /><testcase classname="backend.tests.test_push_analytics_period.TestPeriodEchoAndSchema" name="test_each_period_returns_200_and_echoes[yesterday]" time="0.685" /><testcase classname="backend.tests.test_push_analytics_period.TestPeriodEchoAndSchema" name="test_each_period_returns_200_and_echoes[7d]" time="0.683" /><testcase classname="backend.tests.test_push_analytics_period.TestPeriodEchoAndSchema" name="test_each_period_returns_200_and_echoes[30d]" time="0.689" /><testcase classname="backend.tests.test_push_analytics_period.TestPeriodEchoAndSchema" name="test_each_period_returns_200_and_echoes[month]" time="0.681" /><testcase classname="backend.tests.test_push_analytics_period.TestPeriodEchoAndSchema" name="test_each_period_returns_200_and_echoes[all]" time="0.683" /><testcase classname="backend.tests.test_push_analytics_period.TestPeriodEchoAndSchema" name="test_default_period_is_all" time="0.683" /><testcase classname="backend.tests.test_push_analytics_period.TestPeriodEchoAndSchema" name="test_unknown_period_falls_back_to_all_window" time="1.361" /><testcase classname="backend.tests.test_push_analytics_period.TestSubscribersNotFilteredByPeriod" name="test_subscribers_invariant_across_periods" time="4.126" /><testcase classname="backend.tests.test_push_analytics_period.TestTotalsFilteredByPeriod" name="test_new_broadcast_visible_in_today_and_all_not_in_yesterday" time="8.678" /><testcase classname="backend.tests.test_push_analytics_period.TestTotalsFilteredByPeriod" name="test_recent_broadcasts_limited_to_window" time="1.855" /><testcase classname="backend.tests.test_push_analytics_period.TestRegression" name="test_reviews_analytics_still_ok" time="0.688" /><testcase classname="backend.tests.test_push_analytics_period.TestRegression" name="test_store_landings_still_ok" time="0.366" /><testcase classname="backend.tests.test_push_analytics_period.TestRegression" name="test_detailed_still_ok" time="0.368" /><testcase classname="backend.tests.test_push_analytics_period.TestRegression" name="test_push_broadcast_still_ok" time="0.473" /></testsuite></testsuites>