<?xml version="1.0" encoding="utf-8"?><testsuites name="pytest tests"><testsuite name="pytest" errors="0" failures="0" skipped="0" tests="23" time="14.302" timestamp="2026-06-25T17:40:42.809572+00:00" hostname="agent-env-085f375e-6dd7-4958-a84b-335b629facc5"><testcase classname="tests.test_push.TestPublicKey" name="test_returns_valid_vapid" time="0.321" /><testcase classname="tests.test_push.TestSubscribe" name="test_subscribe_creates_subscription" time="1.464" /><testcase classname="tests.test_push.TestSubscribe" name="test_subscribe_idempotent_upsert" time="0.662" /><testcase classname="tests.test_push.TestSubscribe" name="test_subscribe_unknown_vendor_404" time="0.156" /><testcase classname="tests.test_push.TestSubscribe" name="test_subscribe_invalid_scope_fallbacks_to_vendor" time="0.256" /><testcase classname="tests.test_push.TestSubscribe" name="test_pydantic_validation_p256dh_max" time="0.047" /><testcase classname="tests.test_push.TestSubscribe" name="test_pydantic_validation_auth_max" time="0.043" /><testcase classname="tests.test_push.TestUnsubscribe" name="test_unsubscribe_removes" time="0.404" /><testcase classname="tests.test_push.TestBroadcast" name="test_broadcast_requires_auth" time="0.046" /><testcase classname="tests.test_push.TestBroadcast" name="test_broadcast_org_admin_own_vendor_ok" time="0.891" /><testcase classname="tests.test_push.TestBroadcast" name="test_broadcast_other_org_vendor_404" time="3.082" /><testcase classname="tests.test_push.TestBroadcast" name="test_broadcast_orgwide_no_vendor" time="0.464" /><testcase classname="tests.test_push.TestBroadcast" name="test_broadcast_title_max_120" time="0.152" /><testcase classname="tests.test_push.TestBroadcast" name="test_broadcast_body_max_400" time="0.153" /><testcase classname="tests.test_push.TestAutoPushOnPostCreate" name="test_create_multistore_post_with_notify_returns_200" time="2.129" /><testcase classname="tests.test_push.TestPushAnalytics" name="test_analytics_requires_auth" time="0.041" /><testcase classname="tests.test_push.TestPushAnalytics" name="test_analytics_returns_org_scoped_shape" time="0.779" /><testcase classname="tests.test_push.TestPushAnalytics" name="test_broadcast_now_returns_broadcast_id" time="0.462" /><testcase classname="tests.test_push.TestPushAnalytics" name="test_track_click_increments_counter" time="2.072" /><testcase classname="tests.test_push.TestPushAnalytics" name="test_track_click_unknown_id_silent_ok" time="0.232" /><testcase classname="tests.test_push.TestPushAnalytics" name="test_track_click_invalid_payload" time="0.102" /><testcase classname="tests.test_push.TestPushUrlPersonalization" name="test_payload_personalized_when_url_empty" time="0.269" /><testcase classname="tests.test_push.TestPushUrlPersonalization" name="test_payload_uses_explicit_url_when_provided" time="0.003" /></testsuite></testsuites>