<?xml version="1.0" encoding="utf-8"?><testsuites name="pytest tests"><testsuite name="pytest" errors="0" failures="0" skipped="0" tests="6" time="16.340" timestamp="2026-06-26T13:03:06.470253+00:00" hostname="agent-env-085f375e-6dd7-4958-a84b-335b629facc5"><testcase classname="backend.tests.test_media_delete_fix.TestMediaDeleteSuccess" name="test_delete_uploaded_media_returns_200" time="4.159" /><testcase classname="backend.tests.test_media_delete_fix.TestMediaDeleteNotFound" name="test_delete_unknown_pid_returns_404" time="0.251" /><testcase classname="backend.tests.test_media_delete_fix.TestMediaDeleteInUseGuard" name="test_delete_in_use_returns_409" time="5.236" /><testcase classname="backend.tests.test_media_delete_fix.TestLegacyFilesDelete" name="test_legacy_delete_files_endpoint" time="2.253" /><testcase classname="backend.tests.test_media_delete_fix.TestBulkDelete" name="test_bulk_delete_multiple_files" time="4.119" /><testcase classname="backend.tests.test_media_delete_fix.TestTenantIsolation" name="test_other_tenant_pid_returns_404" time="0.253" /></testsuite></testsuites>