<?xml version="1.0" encoding="utf-8"?><testsuites name="pytest tests"><testsuite name="pytest" errors="0" failures="0" skipped="0" tests="3" time="74.976" timestamp="2026-06-29T21:42:51.902049+00:00" hostname="agent-env-085f375e-6dd7-4958-a84b-335b629facc5"><testcase classname="backend.tests.test_push_vendor_scoping_e2e.TestVendorScopingE2E" name="test_manual_vendor_broadcast_strict_no_leak" time="72.166" /><testcase classname="backend.tests.test_push_vendor_scoping_e2e.TestVendorScopingE2E" name="test_org_wide_broadcast_reaches_all_org_subs" time="1.276" /><testcase classname="backend.tests.test_push_vendor_scoping_e2e.TestVendorScopingE2E" name="test_manual_broadcast_other_vendor_does_not_match_first_vendors_subs" time="1.394" /></testsuite></testsuites>