<?xml version="1.0" encoding="utf-8"?><testsuites name="pytest tests"><testsuite name="pytest" errors="0" failures="0" skipped="0" tests="29" time="29.729" timestamp="2026-06-29T21:45:34.862391+00:00" hostname="agent-env-085f375e-6dd7-4958-a84b-335b629facc5"><testcase classname="backend.tests.test_push.TestPublicKey" name="test_returns_valid_vapid" time="0.357" /><testcase classname="backend.tests.test_push.TestSubscribe" name="test_subscribe_creates_subscription" time="1.497" /><testcase classname="backend.tests.test_push.TestSubscribe" name="test_subscribe_idempotent_upsert" time="0.669" /><testcase classname="backend.tests.test_push.TestSubscribe" name="test_subscribe_unknown_vendor_404" time="0.156" /><testcase classname="backend.tests.test_push.TestSubscribe" name="test_subscribe_invalid_scope_fallbacks_to_vendor" time="0.254" /><testcase classname="backend.tests.test_push.TestSubscribe" name="test_pydantic_validation_p256dh_max" time="0.043" /><testcase classname="backend.tests.test_push.TestSubscribe" name="test_pydantic_validation_auth_max" time="0.043" /><testcase classname="backend.tests.test_push.TestUnsubscribe" name="test_unsubscribe_removes" time="0.452" /><testcase classname="backend.tests.test_push.TestBroadcast" name="test_broadcast_requires_auth" time="0.046" /><testcase classname="backend.tests.test_push.TestBroadcast" name="test_broadcast_org_admin_own_vendor_ok" time="0.911" /><testcase classname="backend.tests.test_push.TestBroadcast" name="test_broadcast_other_org_vendor_404" time="3.272" /><testcase classname="backend.tests.test_push.TestBroadcast" name="test_broadcast_orgwide_no_vendor" time="0.474" /><testcase classname="backend.tests.test_push.TestBroadcast" name="test_broadcast_title_max_120" time="0.154" /><testcase classname="backend.tests.test_push.TestBroadcast" name="test_broadcast_body_max_400" time="0.151" /><testcase classname="backend.tests.test_push.TestAutoPushOnPostCreate" name="test_create_multistore_post_with_notify_returns_200" time="2.167" /><testcase classname="backend.tests.test_push.TestPushAnalytics" name="test_analytics_requires_auth" time="0.046" /><testcase classname="backend.tests.test_push.TestPushAnalytics" name="test_analytics_returns_org_scoped_shape" time="0.798" /><testcase classname="backend.tests.test_push.TestPushAnalytics" name="test_broadcast_now_returns_broadcast_id" time="0.469" /><testcase classname="backend.tests.test_push.TestPushAnalytics" name="test_track_click_increments_counter" time="1.961" /><testcase classname="backend.tests.test_push.TestPushAnalytics" name="test_track_click_unknown_id_silent_ok" time="0.215" /><testcase classname="backend.tests.test_push.TestPushAnalytics" name="test_track_click_invalid_payload" time="0.111" /><testcase classname="backend.tests.test_push.TestPushUrlPersonalization" name="test_payload_personalized_when_url_empty" time="0.253" /><testcase classname="backend.tests.test_push.TestPushUrlPersonalization" name="test_payload_uses_explicit_url_when_provided" time="0.001" /><testcase classname="backend.tests.test_push.TestVendorScopingFix" name="test_manual_vendor_broadcast_strict_no_cross_vendor_leak" time="0.001" /><testcase classname="backend.tests.test_push.TestVendorScopingFix" name="test_auto_vendor_broadcast_keeps_org_wide_subs" time="0.001" /><testcase classname="backend.tests.test_push.TestVendorScopingFix" name="test_org_wide_broadcast_reaches_all_org_subs" time="0.004" /><testcase classname="backend.tests.test_push_vendor_scoping_e2e.TestVendorScopingE2E" name="test_manual_vendor_broadcast_strict_no_leak" time="6.385" /><testcase classname="backend.tests.test_push_vendor_scoping_e2e.TestVendorScopingE2E" name="test_org_wide_broadcast_reaches_all_org_subs" time="4.320" /><testcase classname="backend.tests.test_push_vendor_scoping_e2e.TestVendorScopingE2E" name="test_manual_broadcast_other_vendor_does_not_match_first_vendors_subs" time="4.364" /></testsuite></testsuites>