<?xml version="1.0" encoding="utf-8"?><testsuites name="pytest tests"><testsuite name="pytest" errors="0" failures="0" skipped="0" tests="14" time="7.313" timestamp="2026-06-29T21:58:36.650455+00:00" hostname="agent-env-085f375e-6dd7-4958-a84b-335b629facc5"><testcase classname="backend.tests.test_analytics_reset.TestAuthRequired" name="test_push_reset_requires_auth" time="0.358" /><testcase classname="backend.tests.test_analytics_reset.TestAuthRequired" name="test_push_audit_requires_auth" time="0.106" /><testcase classname="backend.tests.test_analytics_reset.TestAuthRequired" name="test_landings_reset_requires_auth" time="0.103" /><testcase classname="backend.tests.test_analytics_reset.TestAuthRequired" name="test_landings_audit_requires_auth" time="0.104" /><testcase classname="backend.tests.test_analytics_reset.TestConfirmGuard" name="test_push_reset_rejects_wrong_confirm" time="0.943" /><testcase classname="backend.tests.test_analytics_reset.TestConfirmGuard" name="test_push_reset_accepts_case_insensitive" time="0.379" /><testcase classname="backend.tests.test_analytics_reset.TestConfirmGuard" name="test_landings_reset_rejects_wrong_confirm" time="0.167" /><testcase classname="backend.tests.test_analytics_reset.TestPushResetFlow" name="test_reset_and_audit_persistence" time="0.910" /><testcase classname="backend.tests.test_analytics_reset.TestPushResetFlow" name="test_push_analytics_zero_after_reset" time="1.067" /><testcase classname="backend.tests.test_analytics_reset.TestLandingsResetFlow" name="test_reset_and_audit_persistence" time="0.742" /><testcase classname="backend.tests.test_analytics_reset.TestLandingsResetFlow" name="test_landings_analytics_zero_after_reset" time="0.853" /><testcase classname="backend.tests.test_analytics_reset.TestTenantIsolation" name="test_audit_log_is_org_scoped" time="0.423" /><testcase classname="backend.tests.test_analytics_reset.TestTenantIsolation" name="test_landings_audit_log_is_org_scoped" time="0.426" /><testcase classname="backend.tests.test_analytics_reset.TestPushBroadcastRegression" name="test_broadcast_endpoint_still_reachable" time="0.643" /></testsuite></testsuites>