<?xml version="1.0" encoding="utf-8"?><testsuites name="pytest tests"><testsuite name="pytest" errors="0" failures="0" skipped="0" tests="16" time="9.349" timestamp="2026-06-21T12:13:05.976088+00:00" hostname="agent-env-085f375e-6dd7-4958-a84b-335b629facc5"><testcase classname="backend.tests.test_store_landing.TestStoresLandingFields" name="test_get_stores_includes_landing_fields" time="1.247" /><testcase classname="backend.tests.test_store_landing.TestStoresLandingFields" name="test_put_store_enable_landing_autogenerates_slug" time="1.800" /><testcase classname="backend.tests.test_store_landing.TestPublicStoreLandingEndpoint" name="test_public_landing_returns_200_with_fields" time="0.345" /><testcase classname="backend.tests.test_store_landing.TestPublicStoreLandingEndpoint" name="test_public_landing_404_for_missing_slug" time="0.198" /><testcase classname="backend.tests.test_store_landing.TestPublicStoreLandingEndpoint" name="test_public_landing_no_auth_required" time="0.311" /><testcase classname="backend.tests.test_store_landing.TestOgPreviewEndpoint" name="test_og_preview_returns_seo_html" time="0.347" /><testcase classname="backend.tests.test_store_landing.TestOgPreviewEndpoint" name="test_og_preview_missing_slug_returns_200_soft" time="0.291" /><testcase classname="backend.tests.test_store_landing.TestAnalyticsStoreLandingEvents" name="test_post_store_landing_event[store_landing_view]" time="0.825" /><testcase classname="backend.tests.test_store_landing.TestAnalyticsStoreLandingEvents" name="test_post_store_landing_event[store_landing_whatsapp_click]" time="0.435" /><testcase classname="backend.tests.test_store_landing.TestAnalyticsStoreLandingEvents" name="test_post_store_landing_event[store_landing_review_click]" time="0.401" /><testcase classname="backend.tests.test_store_landing.TestAnalyticsStoreLandingEvents" name="test_post_store_landing_event[store_landing_maps_click]" time="0.400" /><testcase classname="backend.tests.test_store_landing.TestAnalyticsStoreLandingEvents" name="test_post_store_landing_event[store_landing_social_click]" time="0.398" /><testcase classname="backend.tests.test_store_landing.TestAnalyticsStoreLandingEvents" name="test_post_store_landing_event[store_landing_form_view]" time="0.395" /><testcase classname="backend.tests.test_store_landing.TestAnalyticsStoreLandingEvents" name="test_post_store_landing_event[store_landing_bounce]" time="0.398" /><testcase classname="backend.tests.test_store_landing.TestStoreLandingsAnalyticsEndpoint" name="test_returns_funnel_structure" time="1.365" /><testcase classname="backend.tests.test_store_landing.TestStoreLandingsAnalyticsEndpoint" name="test_requires_auth" time="0.102" /></testsuite></testsuites>