<?xml version="1.0" encoding="utf-8"?><testsuites name="pytest tests"><testsuite name="pytest" errors="0" failures="0" skipped="0" tests="17" time="22.224" timestamp="2026-06-29T20:06:07.122304+00:00" hostname="agent-env-085f375e-6dd7-4958-a84b-335b629facc5"><testcase classname="backend.tests.test_top_vendors" name="test_top_vendors_requires_auth" time="0.277" /><testcase classname="backend.tests.test_top_vendors" name="test_top_vendors_30d_shape" time="1.142" /><testcase classname="backend.tests.test_top_vendors" name="test_top_vendors_30d_seeded_values" time="0.367" /><testcase classname="backend.tests.test_top_vendors" name="test_top_vendors_tenant_isolation" time="0.526" /><testcase classname="backend.tests.test_top_vendors" name="test_top_vendors_period_filters[today]" time="0.371" /><testcase classname="backend.tests.test_top_vendors" name="test_top_vendors_period_filters[yesterday]" time="0.369" /><testcase classname="backend.tests.test_top_vendors" name="test_top_vendors_period_filters[7d]" time="0.372" /><testcase classname="backend.tests.test_top_vendors" name="test_top_vendors_period_filters[30d]" time="0.376" /><testcase classname="backend.tests.test_top_vendors" name="test_top_vendors_period_filters[month]" time="0.367" /><testcase classname="backend.tests.test_top_vendors" name="test_top_vendors_limit_2" time="0.370" /><testcase classname="backend.tests.test_top_vendors" name="test_top_vendors_limit_cap_at_50" time="0.366" /><testcase classname="backend.tests.test_media_delete_fix.TestMediaDeleteSuccess" name="test_delete_uploaded_media_returns_200" time="4.407" /><testcase classname="backend.tests.test_media_delete_fix.TestMediaDeleteNotFound" name="test_delete_unknown_pid_returns_404" time="0.259" /><testcase classname="backend.tests.test_media_delete_fix.TestMediaDeleteInUseGuard" name="test_delete_in_use_returns_409" time="5.609" /><testcase classname="backend.tests.test_media_delete_fix.TestLegacyFilesDelete" name="test_legacy_delete_files_endpoint" time="2.505" /><testcase classname="backend.tests.test_media_delete_fix.TestBulkDelete" name="test_bulk_delete_multiple_files" time="4.201" /><testcase classname="backend.tests.test_media_delete_fix.TestTenantIsolation" name="test_other_tenant_pid_returns_404" time="0.262" /></testsuite></testsuites>