<?xml version="1.0" encoding="utf-8"?><testsuites name="pytest tests"><testsuite name="pytest" errors="0" failures="0" skipped="0" tests="15" time="9.962" timestamp="2026-06-25T15:12:00.730149+00:00" hostname="agent-env-085f375e-6dd7-4958-a84b-335b629facc5"><testcase classname="backend.tests.test_push.TestPublicKey" name="test_returns_valid_vapid" time="0.340" /><testcase classname="backend.tests.test_push.TestSubscribe" name="test_subscribe_creates_subscription" time="1.479" /><testcase classname="backend.tests.test_push.TestSubscribe" name="test_subscribe_idempotent_upsert" time="0.684" /><testcase classname="backend.tests.test_push.TestSubscribe" name="test_subscribe_unknown_vendor_404" time="0.151" /><testcase classname="backend.tests.test_push.TestSubscribe" name="test_subscribe_invalid_scope_fallbacks_to_vendor" time="0.257" /><testcase classname="backend.tests.test_push.TestSubscribe" name="test_pydantic_validation_p256dh_max" time="0.048" /><testcase classname="backend.tests.test_push.TestSubscribe" name="test_pydantic_validation_auth_max" time="0.058" /><testcase classname="backend.tests.test_push.TestUnsubscribe" name="test_unsubscribe_removes" time="0.422" /><testcase classname="backend.tests.test_push.TestBroadcast" name="test_broadcast_requires_auth" time="0.049" /><testcase classname="backend.tests.test_push.TestBroadcast" name="test_broadcast_org_admin_own_vendor_ok" time="0.766" /><testcase classname="backend.tests.test_push.TestBroadcast" name="test_broadcast_other_org_vendor_404" time="3.140" /><testcase classname="backend.tests.test_push.TestBroadcast" name="test_broadcast_orgwide_no_vendor" time="0.357" /><testcase classname="backend.tests.test_push.TestBroadcast" name="test_broadcast_title_max_120" time="0.148" /><testcase classname="backend.tests.test_push.TestBroadcast" name="test_broadcast_body_max_400" time="0.153" /><testcase classname="backend.tests.test_push.TestAutoPushOnPostCreate" name="test_create_multistore_post_with_notify_returns_200" time="1.838" /></testsuite></testsuites>