<?xml version="1.0" encoding="utf-8"?><testsuites name="pytest tests"><testsuite name="pytest" errors="0" failures="0" skipped="0" tests="18" time="21.063" timestamp="2026-06-30T13:20:54.293906+00:00" hostname="agent-env-085f375e-6dd7-4958-a84b-335b629facc5"><testcase classname="backend.tests.test_analytics_reviews.TestAuthRequired" name="test_anon_blocked" time="0.263" /><testcase classname="backend.tests.test_analytics_reviews.TestSchema" name="test_period_returns_shape[today]" time="1.497" /><testcase classname="backend.tests.test_analytics_reviews.TestSchema" name="test_period_returns_shape[yesterday]" time="0.681" /><testcase classname="backend.tests.test_analytics_reviews.TestSchema" name="test_period_returns_shape[7d]" time="0.684" /><testcase classname="backend.tests.test_analytics_reviews.TestSchema" name="test_period_returns_shape[30d]" time="0.684" /><testcase classname="backend.tests.test_analytics_reviews.TestSchema" name="test_period_returns_shape[month]" time="0.685" /><testcase classname="backend.tests.test_analytics_reviews.TestSchema" name="test_period_returns_shape[all]" time="0.681" /><testcase classname="backend.tests.test_analytics_reviews.TestSchema" name="test_default_period_is_30d" time="0.686" /><testcase classname="backend.tests.test_analytics_reviews.TestAggregation" name="test_totals_sum_matches" time="4.106" /><testcase classname="backend.tests.test_analytics_reviews.TestAggregation" name="test_by_store_total_matches_grand_total" time="4.117" /><testcase classname="backend.tests.test_analytics_reviews.TestAggregation" name="test_share_pct_sums_100" time="2.207" /><testcase classname="backend.tests.test_analytics_reviews.TestAggregation" name="test_period_all_includes_zero_rows" time="1.048" /><testcase classname="backend.tests.test_analytics_reviews.TestAggregation" name="test_short_period_excludes_zero_rows" time="0.681" /><testcase classname="backend.tests.test_analytics_reviews.TestTenantIsolation" name="test_admin_only_sees_own_org_stores" time="1.048" /><testcase classname="backend.tests.test_analytics_reviews.TestRegression" name="test_store_landings_still_works" time="0.367" /><testcase classname="backend.tests.test_analytics_reviews.TestRegression" name="test_detailed_still_works" time="0.370" /><testcase classname="backend.tests.test_analytics_reviews.TestRegression" name="test_top_vendors_still_works" time="0.378" /><testcase classname="backend.tests.test_analytics_reviews.TestRegression" name="test_push_analytics_still_works" time="0.789" /></testsuite></testsuites>