<?xml version="1.0" encoding="utf-8"?><testsuites name="pytest tests"><testsuite name="pytest" errors="0" failures="0" skipped="0" tests="12" time="15.864" timestamp="2026-07-01T22:01:48.937999+00:00" hostname="agent-env-085f375e-6dd7-4958-a84b-335b629facc5"><testcase classname="backend.tests.test_pwa_heartbeat.TestHeartbeat" name="test_heartbeat_valid_upserts" time="3.125" /><testcase classname="backend.tests.test_pwa_heartbeat.TestHeartbeat" name="test_heartbeat_unknown_vendor_no_write" time="0.531" /><testcase classname="backend.tests.test_pwa_heartbeat.TestHeartbeat" name="test_heartbeat_normalizes_bad_os_and_permission" time="0.704" /><testcase classname="backend.tests.test_pwa_heartbeat.TestHeartbeat" name="test_heartbeat_upsert_preserves_first_installed_at" time="2.361" /><testcase classname="backend.tests.test_pwa_heartbeat.TestAnalyticsInstalls" name="test_installs_field_present_in_schema" time="1.013" /><testcase classname="backend.tests.test_pwa_heartbeat.TestAnalyticsInstalls" name="test_active_and_by_os_counting" time="2.033" /><testcase classname="backend.tests.test_pwa_heartbeat.TestAnalyticsInstalls" name="test_stale_device_not_in_active_30d" time="2.013" /><testcase classname="backend.tests.test_pwa_heartbeat.TestAnalyticsInstalls" name="test_tenant_isolation" time="2.221" /><testcase classname="backend.tests.test_pwa_heartbeat.TestPushRegression" name="test_public_key" time="0.455" /><testcase classname="backend.tests.test_pwa_heartbeat.TestPushRegression" name="test_broadcast_requires_auth" time="0.323" /><testcase classname="backend.tests.test_pwa_heartbeat.TestPushRegression" name="test_analytics_reset_requires_auth" time="0.360" /><testcase classname="backend.tests.test_pwa_heartbeat.TestPushRegression" name="test_subscribe_rejects_bad_vendor" time="0.550" /></testsuite></testsuites>